<?xml version="1.0" encoding="UTF-8"?>
<!-- Generated by org.testng.reporters.JUnitXMLReporter -->
<testsuite hostname="serega-Lenovo-G40-30" ignored="0" name="Default test" tests="4" failures="0" timestamp="17 Nov 2018 02:05:21 GMT" time="0.128" errors="0">
  <testcase name="testAudiA6" time="0.018" classname="core.Testng.testclasses.Group"/>
  <testcase name="testBMWX6" time="0.003" classname="core.Testng.testclasses.Group"/>
  <testcase name="testHondaCBR" time="0.003" classname="core.Testng.testclasses.Group"/>
  <testcase name="testNinja" time="0.004" classname="core.Testng.testclasses.Group"/>
</testsuite> <!-- Default test -->
