<?xml version="1.0" encoding="UTF-8"?>
<!-- Generated by org.testng.reporters.JUnitXMLReporter -->
<testsuite hostname="serega-Lenovo-G40-30" ignored="2" name="Application Test" tests="6" failures="0" timestamp="16 Nov 2018 16:55:46 GMT" time="0.113" errors="0">
  <testcase name="test1" time="0.012" classname="core.Testng.suite1.ClassTest1"/>
  <testcase name="test2" time="0.003" classname="core.Testng.suite1.ClassTest1"/>
  <testcase name="test3" time="0.003" classname="core.Testng.suite1.ClassTest1"/>
  <testcase name="test1" time="0.004" classname="core.Testng.suite1.ClassTest2"/>
  <testcase name="test2" time="0.003" classname="core.Testng.suite1.ClassTest2"/>
  <testcase name="test3" time="0.005" classname="core.Testng.suite1.ClassTest2"/>
  <testcase name="@BeforeSuite beforeSuite" time="0.0" classname="core.Testng.base.BaseSuite">
    <ignored/>
  </testcase> <!-- @BeforeSuite beforeSuite -->
  <testcase name="@AfterSuite afterSuite" time="0.0" classname="core.Testng.base.BaseSuite">
    <ignored/>
  </testcase> <!-- @AfterSuite afterSuite -->
</testsuite> <!-- Application Test -->
