<?xml version="1.0" encoding="UTF-8"?>
<!-- Generated by org.testng.reporters.JUnitXMLReporter -->
<testsuite hostname="serega-Lenovo-G40-30" ignored="0" name="GroupsDemo" tests="4" failures="0" timestamp="17 Nov 2018 02:20:09 GMT" time="0.13" errors="0">
  <testcase name="testAudiA6" time="0.012" classname="core.Testng.testclasses.Group"/>
  <testcase name="testBMWX6" time="0.005" classname="core.Testng.testclasses.Group"/>
  <testcase name="testHondaCBR" time="0.004" classname="core.Testng.testclasses.Group"/>
  <testcase name="testNinja" time="0.003" classname="core.Testng.testclasses.Group"/>
</testsuite> <!-- GroupsDemo -->
