<?xml version="1.0" encoding="UTF-8"?>
<!-- Generated by org.testng.reporters.JUnitXMLReporter -->
<testsuite hostname="serega-Lenovo-G40-30" ignored="0" name="Application Test 4" tests="3" failures="0" timestamp="16 Nov 2018 23:09:47 GMT" time="0.031" errors="0">
  <testcase name="test1" time="0.003" classname="core.Testng.suite1.ClassTest2"/>
  <testcase name="test2" time="0.003" classname="core.Testng.suite1.ClassTest2"/>
  <testcase name="test3" time="0.002" classname="core.Testng.suite1.ClassTest2"/>
</testsuite> <!-- Application Test 4 -->
